build/app/intermediates/manifest_merge_blame_file/release/manifest-merger-blame-release-report.txt
1<?xml version="1.0" encoding="utf-8"?>
2<manifest xmlns:android="http://schemas.android.com/apk/res/android"
3    package="com.example.app"
4    android:versionCode="1"
5    android:versionName="1.0.0" >
6
7    <uses-sdk
8        android:minSdkVersion="21"
9        android:targetSdkVersion="35" />
10
11    <uses-permission android:name="android.permission.ACCESS_FINE_LOCATION" />
11-->src/main/AndroidManifest.xml:2:5-79
11-->src/main/AndroidManifest.xml:2:22-76
12    <uses-permission android:name="android.permission.ACCESS_COARSE_LOCATION" />
12-->src/main/AndroidManifest.xml:3:5-81
12-->src/main/AndroidManifest.xml:3:22-78
13    <uses-permission android:name="android.permission.INTERNET" />
13-->src/main/AndroidManifest.xml:4:5-67
13-->src/main/AndroidManifest.xml:4:22-64
14    <!--
15         Required to query activities that can process text, see:
16         https://developer.android.com/training/package-visibility and
17         https://developer.android.com/reference/android/content/Intent#ACTION_PROCESS_TEXT.
18
19         In particular, this is used by the Flutter engine in io.flutter.plugin.text.ProcessTextPlugin.
20    -->
21    <queries>
21-->src/main/AndroidManifest.xml:42:5-47:15
22        <intent>
22-->src/main/AndroidManifest.xml:43:9-46:18
23            <action android:name="android.intent.action.PROCESS_TEXT" />
23-->src/main/AndroidManifest.xml:44:13-72
23-->src/main/AndroidManifest.xml:44:21-70
24
25            <data android:mimeType="text/plain" />
25-->src/main/AndroidManifest.xml:45:13-50
25-->src/main/AndroidManifest.xml:45:19-48
26        </intent>
27    </queries>
28
29    <permission
29-->[androidx.core:core:1.13.1] AndroidManifest.xml:22:5-24:47
30        android:name="com.example.app.DYNAMIC_RECEIVER_NOT_EXPORTED_PERMISSION"
30-->[androidx.core:core:1.13.1] AndroidManifest.xml:23:9-81
31        android:protectionLevel="signature" />
31-->[androidx.core:core:1.13.1] AndroidManifest.xml:24:9-44
32
33    <uses-permission android:name="com.example.app.DYNAMIC_RECEIVER_NOT_EXPORTED_PERMISSION" />
33-->[androidx.core:core:1.13.1] AndroidManifest.xml:26:5-97
33-->[androidx.core:core:1.13.1] AndroidManifest.xml:26:22-94
34
35    <application
36        android:name="android.app.Application"
36-->src/main/AndroidManifest.xml:7:9-42
37        android:appComponentFactory="androidx.core.app.CoreComponentFactory"
37-->[androidx.core:core:1.13.1] AndroidManifest.xml:28:18-86
38        android:extractNativeLibs="true"
39        android:icon="@mipmap/ic_launcher"
39-->src/main/AndroidManifest.xml:8:9-43
40        android:label="app" >
40-->src/main/AndroidManifest.xml:6:9-28
41        <activity
41-->src/main/AndroidManifest.xml:9:9-30:20
42            android:name="com.example.app.MainActivity"
42-->src/main/AndroidManifest.xml:10:13-41
43            android:configChanges="orientation|keyboardHidden|keyboard|screenSize|smallestScreenSize|locale|layoutDirection|fontScale|screenLayout|density|uiMode"
43-->src/main/AndroidManifest.xml:15:13-163
44            android:exported="true"
44-->src/main/AndroidManifest.xml:11:13-36
45            android:hardwareAccelerated="true"
45-->src/main/AndroidManifest.xml:16:13-47
46            android:launchMode="singleTop"
46-->src/main/AndroidManifest.xml:12:13-43
47            android:taskAffinity=""
47-->src/main/AndroidManifest.xml:13:13-36
48            android:theme="@style/LaunchTheme"
48-->src/main/AndroidManifest.xml:14:13-47
49            android:windowSoftInputMode="adjustResize" >
49-->src/main/AndroidManifest.xml:17:13-55
50
51            <!--
52                 Specifies an Android theme to apply to this Activity as soon as
53                 the Android process has started. This theme is visible to the user
54                 while the Flutter UI initializes. After that, this theme continues
55                 to determine the Window background behind the Flutter UI.
56            -->
57            <meta-data
57-->src/main/AndroidManifest.xml:22:13-25:17
58                android:name="io.flutter.embedding.android.NormalTheme"
58-->src/main/AndroidManifest.xml:23:15-70
59                android:resource="@style/NormalTheme" />
59-->src/main/AndroidManifest.xml:24:15-52
60
61            <intent-filter>
61-->src/main/AndroidManifest.xml:26:13-29:29
62                <action android:name="android.intent.action.MAIN" />
62-->src/main/AndroidManifest.xml:27:17-68
62-->src/main/AndroidManifest.xml:27:25-66
63
64                <category android:name="android.intent.category.LAUNCHER" />
64-->src/main/AndroidManifest.xml:28:17-76
64-->src/main/AndroidManifest.xml:28:27-74
65            </intent-filter>
66        </activity>
67        <!--
68             Don't delete the meta-data below.
69             This is used by the Flutter tool to generate GeneratedPluginRegistrant.java
70        -->
71        <meta-data
71-->src/main/AndroidManifest.xml:33:9-35:33
72            android:name="flutterEmbedding"
72-->src/main/AndroidManifest.xml:34:13-44
73            android:value="2" />
73-->src/main/AndroidManifest.xml:35:13-30
74
75        <service
75-->[:geolocator_android] AndroidManifest.xml:8:9-12:56
76            android:name="com.baseflow.geolocator.GeolocatorLocationService"
76-->[:geolocator_android] AndroidManifest.xml:9:13-77
77            android:enabled="true"
77-->[:geolocator_android] AndroidManifest.xml:10:13-35
78            android:exported="false"
78-->[:geolocator_android] AndroidManifest.xml:11:13-37
79            android:foregroundServiceType="location" />
79-->[:geolocator_android] AndroidManifest.xml:12:13-53
80
81        <uses-library
81-->[androidx.window:window:1.2.0] AndroidManifest.xml:23:9-25:40
82            android:name="androidx.window.extensions"
82-->[androidx.window:window:1.2.0] AndroidManifest.xml:24:13-54
83            android:required="false" />
83-->[androidx.window:window:1.2.0] AndroidManifest.xml:25:13-37
84        <uses-library
84-->[androidx.window:window:1.2.0] AndroidManifest.xml:26:9-28:40
85            android:name="androidx.window.sidecar"
85-->[androidx.window:window:1.2.0] AndroidManifest.xml:27:13-51
86            android:required="false" />
86-->[androidx.window:window:1.2.0] AndroidManifest.xml:28:13-37
87
88        <activity
88-->[com.google.android.gms:play-services-base:18.3.0] AndroidManifest.xml:20:9-22:45
89            android:name="com.google.android.gms.common.api.GoogleApiActivity"
89-->[com.google.android.gms:play-services-base:18.3.0] AndroidManifest.xml:20:19-85
90            android:exported="false"
90-->[com.google.android.gms:play-services-base:18.3.0] AndroidManifest.xml:22:19-43
91            android:theme="@android:style/Theme.Translucent.NoTitleBar" />
91-->[com.google.android.gms:play-services-base:18.3.0] AndroidManifest.xml:21:19-78
92
93        <meta-data
93-->[com.google.android.gms:play-services-basement:18.3.0] AndroidManifest.xml:21:9-23:69
94            android:name="com.google.android.gms.version"
94-->[com.google.android.gms:play-services-basement:18.3.0] AndroidManifest.xml:22:13-58
95            android:value="@integer/google_play_services_version" />
95-->[com.google.android.gms:play-services-basement:18.3.0] AndroidManifest.xml:23:13-66
96
97        <provider
97-->[androidx.lifecycle:lifecycle-process:2.7.0] AndroidManifest.xml:24:9-32:20
98            android:name="androidx.startup.InitializationProvider"
98-->[androidx.lifecycle:lifecycle-process:2.7.0] AndroidManifest.xml:25:13-67
99            android:authorities="com.example.app.androidx-startup"
99-->[androidx.lifecycle:lifecycle-process:2.7.0] AndroidManifest.xml:26:13-68
100            android:exported="false" >
100-->[androidx.lifecycle:lifecycle-process:2.7.0] AndroidManifest.xml:27:13-37
101            <meta-data
101-->[androidx.lifecycle:lifecycle-process:2.7.0] AndroidManifest.xml:29:13-31:52
102                android:name="androidx.lifecycle.ProcessLifecycleInitializer"
102-->[androidx.lifecycle:lifecycle-process:2.7.0] AndroidManifest.xml:30:17-78
103                android:value="androidx.startup" />
103-->[androidx.lifecycle:lifecycle-process:2.7.0] AndroidManifest.xml:31:17-49
104            <meta-data
104-->[androidx.profileinstaller:profileinstaller:1.3.1] AndroidManifest.xml:29:13-31:52
105                android:name="androidx.profileinstaller.ProfileInstallerInitializer"
105-->[androidx.profileinstaller:profileinstaller:1.3.1] AndroidManifest.xml:30:17-85
106                android:value="androidx.startup" />
106-->[androidx.profileinstaller:profileinstaller:1.3.1] AndroidManifest.xml:31:17-49
107        </provider>
108
109        <receiver
109-->[androidx.profileinstaller:profileinstaller:1.3.1] AndroidManifest.xml:34:9-52:20
110            android:name="androidx.profileinstaller.ProfileInstallReceiver"
110-->[androidx.profileinstaller:profileinstaller:1.3.1] AndroidManifest.xml:35:13-76
111            android:directBootAware="false"
111-->[androidx.profileinstaller:profileinstaller:1.3.1] AndroidManifest.xml:36:13-44
112            android:enabled="true"
112-->[androidx.profileinstaller:profileinstaller:1.3.1] AndroidManifest.xml:37:13-35
113            android:exported="true"
113-->[androidx.profileinstaller:profileinstaller:1.3.1] AndroidManifest.xml:38:13-36
114            android:permission="android.permission.DUMP" >
114-->[androidx.profileinstaller:profileinstaller:1.3.1] AndroidManifest.xml:39:13-57
115            <intent-filter>
115-->[androidx.profileinstaller:profileinstaller:1.3.1] AndroidManifest.xml:40:13-42:29
116                <action android:name="androidx.profileinstaller.action.INSTALL_PROFILE" />
116-->[androidx.profileinstaller:profileinstaller:1.3.1] AndroidManifest.xml:41:17-91
116-->[androidx.profileinstaller:profileinstaller:1.3.1] AndroidManifest.xml:41:25-88
117            </intent-filter>
118            <intent-filter>
118-->[androidx.profileinstaller:profileinstaller:1.3.1] AndroidManifest.xml:43:13-45:29
119                <action android:name="androidx.profileinstaller.action.SKIP_FILE" />
119-->[androidx.profileinstaller:profileinstaller:1.3.1] AndroidManifest.xml:44:17-85
119-->[androidx.profileinstaller:profileinstaller:1.3.1] AndroidManifest.xml:44:25-82
120            </intent-filter>
121            <intent-filter>
121-->[androidx.profileinstaller:profileinstaller:1.3.1] AndroidManifest.xml:46:13-48:29
122                <action android:name="androidx.profileinstaller.action.SAVE_PROFILE" />
122-->[androidx.profileinstaller:profileinstaller:1.3.1] AndroidManifest.xml:47:17-88
122-->[androidx.profileinstaller:profileinstaller:1.3.1] AndroidManifest.xml:47:25-85
123            </intent-filter>
124            <intent-filter>
124-->[androidx.profileinstaller:profileinstaller:1.3.1] AndroidManifest.xml:49:13-51:29
125                <action android:name="androidx.profileinstaller.action.BENCHMARK_OPERATION" />
125-->[androidx.profileinstaller:profileinstaller:1.3.1] AndroidManifest.xml:50:17-95
125-->[androidx.profileinstaller:profileinstaller:1.3.1] AndroidManifest.xml:50:25-92
126            </intent-filter>
127        </receiver>
128    </application>
129
130</manifest>